<?xml version="1.0" encoding="UTF-8"?>
<testng-results ignored="0" total="2" passed="2" failed="0" skipped="0">
  <reporter-output>
  </reporter-output>
  <suite started-at="2024-01-13T17:39:50 IST" name="Suite" finished-at="2024-01-13T17:41:09 IST" duration-ms="79751">
    <groups>
      <group name="negative">
        <method signature="AppVWOFirstProject.invalidLogin()[pri:1, instance:com.example.LearningSel.AppVWOFirstProject@12d2ce03]" name="invalidLogin" class="com.example.LearningSel.AppVWOFirstProject"/>
      </group> <!-- negative -->
      <group name="sanity">
        <method signature="AppVWOFirstProject.invalidLogin()[pri:1, instance:com.example.LearningSel.AppVWOFirstProject@12d2ce03]" name="invalidLogin" class="com.example.LearningSel.AppVWOFirstProject"/>
        <method signature="AppVWOFirstProject.validLogin()[pri:2, instance:com.example.LearningSel.AppVWOFirstProject@12d2ce03]" name="validLogin" class="com.example.LearningSel.AppVWOFirstProject"/>
      </group> <!-- sanity -->
      <group name="positive">
        <method signature="AppVWOFirstProject.validLogin()[pri:2, instance:com.example.LearningSel.AppVWOFirstProject@12d2ce03]" name="validLogin" class="com.example.LearningSel.AppVWOFirstProject"/>
      </group> <!-- positive -->
    </groups>
    <test started-at="2024-01-13T17:39:50 IST" name="D:\Eclipse\Selenium_TestCases\TestingAcadamy\LearningSel" finished-at="2024-01-13T17:41:09 IST" duration-ms="79751">
      <class name="com.example.LearningSel.AppVWOFirstProject">
        <test-method is-config="true" signature="setup()[pri:0, instance:com.example.LearningSel.AppVWOFirstProject@12d2ce03]" started-at="2024-01-13T17:39:50 IST" name="setup" finished-at="2024-01-13T17:39:55 IST" duration-ms="5757" status="PASS">
          <reporter-output>
          </reporter-output>
        </test-method> <!-- setup -->
        <test-method signature="invalidLogin()[pri:1, instance:com.example.LearningSel.AppVWOFirstProject@12d2ce03]" started-at="2024-01-13T17:39:56 IST" name="invalidLogin" finished-at="2024-01-13T17:40:19 IST" duration-ms="23610" status="PASS">
          <reporter-output>
          </reporter-output>
        </test-method> <!-- invalidLogin -->
        <test-method signature="validLogin()[pri:2, instance:com.example.LearningSel.AppVWOFirstProject@12d2ce03]" started-at="2024-01-13T17:40:19 IST" name="validLogin" finished-at="2024-01-13T17:41:09 IST" duration-ms="50156" status="PASS">
          <reporter-output>
          </reporter-output>
        </test-method> <!-- validLogin -->
      </class> <!-- com.example.LearningSel.AppVWOFirstProject -->
    </test> <!-- D:\Eclipse\Selenium_TestCases\TestingAcadamy\LearningSel -->
  </suite> <!-- Suite -->
</testng-results>
