<?xml version="1.0" encoding="UTF-8"?>
<!-- Generated by org.testng.reporters.JUnitXMLReporter -->
<testsuite ignored="0" hostname="LIKHITHA-LAPTOP" failures="0" tests="10" name="SwagLabs Framework Test Cases" time="50.617" errors="0" timestamp="2024-08-13T12:22:39 IST">
  <testcase classname="in.vtech.swagLabsFramework.testcases.HomePageTest" name="validateHomePageTitle" time="0.02"/>
  <testcase classname="in.vtech.swagLabsFramework.testcases.HomePageTest" name="validateHomePageHeaderTextIsDisplayed" time="0.102"/>
  <testcase classname="in.vtech.swagLabsFramework.testcases.LoginTest" name="UserLoginPage" time="0.544"/>
  <testcase classname="in.vtech.swagLabsFramework.testcases.LogoutTest" name="validateHomePageTitle" time="0.706"/>
  <testcase classname="in.vtech.swagLabsFramework.testcases.ProductDetailTest" name="ProductImage" time="1.269"/>
  <testcase classname="in.vtech.swagLabsFramework.testcases.ProductDetailTest" name="productDetail" time="1.432"/>
  <testcase classname="in.vtech.swagLabsFramework.testcases.AddToCartTest" name="userShoppingCart" time="2.83"/>
  <testcase classname="in.vtech.swagLabsFramework.testcases.AddToCartTest" name="UserAddtoCart" time="3.164"/>
  <testcase classname="in.vtech.swagLabsFramework.testcases.CheckoutTest" name="validateHomePageTitle" time="1.593"/>
  <testcase classname="in.vtech.swagLabsFramework.testcases.CheckoutTest" name="validateInventoryPageHeaderTextIsDisplayed" time="2.337"/>
</testsuite> <!-- SwagLabs Framework Test Cases -->
